<?xml version="1.0" encoding="UTF-8"?>
<testsuite name="com.example.heroku.HerokuApplicationTests" tests="1" skipped="0" failures="0" errors="0" timestamp="2021-02-28T04:09:48" hostname="VONGOCBAO-PC" time="0.345">
  <properties/>
  <testcase name="contextLoads" classname="com.example.heroku.HerokuApplicationTests" time="0.345"/>
  <system-out><![CDATA[11:09:43.393 [Test worker] DEBUG org.springframework.test.context.junit4.SpringJUnit4ClassRunner - SpringJUnit4ClassRunner constructor called with [class com.example.heroku.HerokuApplicationTests]
11:09:43.406 [Test worker] DEBUG org.springframework.test.context.BootstrapUtils - Instantiating CacheAwareContextLoaderDelegate from class [org.springframework.test.context.cache.DefaultCacheAwareContextLoaderDelegate]
11:09:43.426 [Test worker] DEBUG org.springframework.test.context.BootstrapUtils - Instantiating BootstrapContext using constructor [public org.springframework.test.context.support.DefaultBootstrapContext(java.lang.Class,org.springframework.test.context.CacheAwareContextLoaderDelegate)]
11:09:43.498 [Test worker] DEBUG org.springframework.test.context.BootstrapUtils - Instantiating TestContextBootstrapper for test class [com.example.heroku.HerokuApplicationTests] from class [org.springframework.boot.test.context.SpringBootTestContextBootstrapper]
11:09:43.530 [Test worker] INFO org.springframework.boot.test.context.SpringBootTestContextBootstrapper - Neither @ContextConfiguration nor @ContextHierarchy found for test class [com.example.heroku.HerokuApplicationTests], using SpringBootContextLoader
11:09:43.540 [Test worker] DEBUG org.springframework.test.context.support.AbstractContextLoader - Did not detect default resource location for test class [com.example.heroku.HerokuApplicationTests]: class path resource [com/example/heroku/HerokuApplicationTests-context.xml] does not exist
11:09:43.540 [Test worker] DEBUG org.springframework.test.context.support.AbstractContextLoader - Did not detect default resource location for test class [com.example.heroku.HerokuApplicationTests]: class path resource [com/example/heroku/HerokuApplicationTestsContext.groovy] does not exist
11:09:43.541 [Test worker] INFO org.springframework.test.context.support.AbstractContextLoader - Could not detect default resource locations for test class [com.example.heroku.HerokuApplicationTests]: no resource found for suffixes {-context.xml, Context.groovy}.
11:09:43.543 [Test worker] INFO org.springframework.test.context.support.AnnotationConfigContextLoaderUtils - Could not detect default configuration classes for test class [com.example.heroku.HerokuApplicationTests]: HerokuApplicationTests does not declare any static, non-private, non-final, nested classes annotated with @Configuration.
11:09:43.633 [Test worker] DEBUG org.springframework.test.context.support.ActiveProfilesUtils - Could not find an 'annotation declaring class' for annotation type [org.springframework.test.context.ActiveProfiles] and class [com.example.heroku.HerokuApplicationTests]
11:09:43.807 [Test worker] DEBUG org.springframework.context.annotation.ClassPathScanningCandidateComponentProvider - Identified candidate component class: file [C:\Users\vongocbao\gradle-getting-started\build\classes\java\main\com\example\heroku\HerokuApplication.class]
11:09:43.818 [Test worker] INFO org.springframework.boot.test.context.SpringBootTestContextBootstrapper - Found @SpringBootConfiguration com.example.heroku.HerokuApplication for test class com.example.heroku.HerokuApplicationTests
11:09:43.986 [Test worker] DEBUG org.springframework.boot.test.context.SpringBootTestContextBootstrapper - @TestExecutionListeners is not present for class [com.example.heroku.HerokuApplicationTests]: using defaults.
11:09:43.987 [Test worker] INFO org.springframework.boot.test.context.SpringBootTestContextBootstrapper - Loaded default TestExecutionListener class names from location [META-INF/spring.factories]: [org.springframework.boot.test.autoconfigure.restdocs.RestDocsTestExecutionListener, org.springframework.boot.test.autoconfigure.web.client.MockRestServiceServerResetTestExecutionListener, org.springframework.boot.test.autoconfigure.web.servlet.MockMvcPrintOnlyOnFailureTestExecutionListener, org.springframework.boot.test.autoconfigure.web.servlet.WebDriverTestExecutionListener, org.springframework.boot.test.autoconfigure.webservices.client.MockWebServiceServerTestExecutionListener, org.springframework.boot.test.mock.mockito.MockitoTestExecutionListener, org.springframework.boot.test.mock.mockito.ResetMocksTestExecutionListener, org.springframework.test.context.web.ServletTestExecutionListener, org.springframework.test.context.support.DirtiesContextBeforeModesTestExecutionListener, org.springframework.test.context.support.DependencyInjectionTestExecutionListener, org.springframework.test.context.support.DirtiesContextTestExecutionListener, org.springframework.test.context.transaction.TransactionalTestExecutionListener, org.springframework.test.context.jdbc.SqlScriptsTestExecutionListener, org.springframework.test.context.event.EventPublishingTestExecutionListener]
11:09:44.014 [Test worker] INFO org.springframework.boot.test.context.SpringBootTestContextBootstrapper - Using TestExecutionListeners: [org.springframework.test.context.web.ServletTestExecutionListener@45b0450a, org.springframework.test.context.support.DirtiesContextBeforeModesTestExecutionListener@47f1ad94, org.springframework.boot.test.mock.mockito.MockitoTestExecutionListener@1c51adf5, org.springframework.boot.test.autoconfigure.SpringBootDependencyInjectionTestExecutionListener@5f2979f6, org.springframework.test.context.support.DirtiesContextTestExecutionListener@18f6ff0c, org.springframework.test.context.transaction.TransactionalTestExecutionListener@52216c8b, org.springframework.test.context.jdbc.SqlScriptsTestExecutionListener@430e5d3f, org.springframework.test.context.event.EventPublishingTestExecutionListener@57fc7a61, org.springframework.boot.test.autoconfigure.restdocs.RestDocsTestExecutionListener@785de10d, org.springframework.boot.test.autoconfigure.web.client.MockRestServiceServerResetTestExecutionListener@21418fb9, org.springframework.boot.test.autoconfigure.web.servlet.MockMvcPrintOnlyOnFailureTestExecutionListener@1097d90b, org.springframework.boot.test.autoconfigure.web.servlet.WebDriverTestExecutionListener@240c960a, org.springframework.boot.test.autoconfigure.webservices.client.MockWebServiceServerTestExecutionListener@334e4e0f, org.springframework.boot.test.mock.mockito.ResetMocksTestExecutionListener@1edf3398]
11:09:44.019 [Test worker] DEBUG org.springframework.test.annotation.ProfileValueUtils - Retrieved @ProfileValueSourceConfiguration [null] for test class [com.example.heroku.HerokuApplicationTests]
11:09:44.020 [Test worker] DEBUG org.springframework.test.annotation.ProfileValueUtils - Retrieved ProfileValueSource type [class org.springframework.test.annotation.SystemProfileValueSource] for class [com.example.heroku.HerokuApplicationTests]
11:09:44.023 [Test worker] DEBUG org.springframework.test.annotation.ProfileValueUtils - Retrieved @ProfileValueSourceConfiguration [null] for test class [com.example.heroku.HerokuApplicationTests]
11:09:44.023 [Test worker] DEBUG org.springframework.test.annotation.ProfileValueUtils - Retrieved ProfileValueSource type [class org.springframework.test.annotation.SystemProfileValueSource] for class [com.example.heroku.HerokuApplicationTests]
11:09:44.025 [Test worker] DEBUG org.springframework.test.annotation.ProfileValueUtils - Retrieved @ProfileValueSourceConfiguration [null] for test class [com.example.heroku.HerokuApplicationTests]
11:09:44.025 [Test worker] DEBUG org.springframework.test.annotation.ProfileValueUtils - Retrieved ProfileValueSource type [class org.springframework.test.annotation.SystemProfileValueSource] for class [com.example.heroku.HerokuApplicationTests]
11:09:44.026 [Test worker] DEBUG org.springframework.test.annotation.ProfileValueUtils - Retrieved @ProfileValueSourceConfiguration [null] for test class [com.example.heroku.HerokuApplicationTests]
11:09:44.026 [Test worker] DEBUG org.springframework.test.annotation.ProfileValueUtils - Retrieved ProfileValueSource type [class org.springframework.test.annotation.SystemProfileValueSource] for class [com.example.heroku.HerokuApplicationTests]
11:09:44.037 [Test worker] DEBUG org.springframework.test.context.support.AbstractDirtiesContextTestExecutionListener - Before test class: context [DefaultTestContext@333df1af testClass = HerokuApplicationTests, testInstance = [null], testMethod = [null], testException = [null], mergedContextConfiguration = [WebMergedContextConfiguration@4415b436 testClass = HerokuApplicationTests, locations = '{}', classes = '{class com.example.heroku.HerokuApplication}', contextInitializerClasses = '[]', activeProfiles = '{}', propertySourceLocations = '{}', propertySourceProperties = '{org.springframework.boot.test.context.SpringBootTestContextBootstrapper=true}', contextCustomizers = set[org.springframework.boot.test.autoconfigure.properties.PropertyMappingContextCustomizer@0, org.springframework.boot.test.autoconfigure.web.servlet.WebDriverContextCustomizerFactory$Customizer@20bc699b, org.springframework.boot.test.context.filter.ExcludeFilterContextCustomizer@1d38ac5a, org.springframework.boot.test.json.DuplicateJsonObjectContextCustomizerFactory$DuplicateJsonObjectContextCustomizer@6479d847, org.springframework.boot.test.mock.mockito.MockitoContextCustomizer@0, org.springframework.boot.test.web.client.TestRestTemplateContextCustomizer@54382017, org.springframework.boot.test.context.SpringBootTestArgs@1], resourceBasePath = 'src/main/webapp', contextLoader = 'org.springframework.boot.test.context.SpringBootContextLoader', parent = [null]], attributes = map['org.springframework.test.context.web.ServletTestExecutionListener.activateListener' -> true]], class annotated with @DirtiesContext [false] with mode [null].
11:09:44.040 [Test worker] DEBUG org.springframework.test.annotation.ProfileValueUtils - Retrieved @ProfileValueSourceConfiguration [null] for test class [com.example.heroku.HerokuApplicationTests]
11:09:44.040 [Test worker] DEBUG org.springframework.test.annotation.ProfileValueUtils - Retrieved ProfileValueSource type [class org.springframework.test.annotation.SystemProfileValueSource] for class [com.example.heroku.HerokuApplicationTests]
11:09:44.076 [Test worker] DEBUG org.springframework.test.context.support.TestPropertySourceUtils - Adding inlined properties to environment: {spring.jmx.enabled=false, org.springframework.boot.test.context.SpringBootTestContextBootstrapper=true}

  .   ____          _            __ _ _
 /\\ / ___'_ __ _ _(_)_ __  __ _ \ \ \ \
( ( )\___ | '_ | '_| | '_ \/ _` | \ \ \ \
 \\/  ___)| |_)| | | | | || (_| |  ) ) ) )
  '  |____| .__|_| |_|_| |_\__, | / / / /
 =========|_|==============|___/=/_/_/_/
 :: Spring Boot ::        (v2.3.0.RELEASE)

2021-02-28 11:09:44.594  WARN 2536 --- [    Test worker] ory$DuplicateJsonObjectContextCustomizer : 

Found multiple occurrences of org.json.JSONObject on the class path:

	jar:file:/C:/Users/vongocbao/.gradle/caches/modules-2/files-2.1/org.json/json/20090211/c183aa3a2a6250293808bba12262c8920ce5a51c/json-20090211.jar!/org/json/JSONObject.class
	jar:file:/C:/Users/vongocbao/.gradle/caches/modules-2/files-2.1/com.vaadin.external.google/android-json/0.0.20131108.vaadin1/fa26d351fe62a6a17f5cda1287c1c6110dec413f/android-json-0.0.20131108.vaadin1.jar!/org/json/JSONObject.class

You may wish to exclude one of them to ensure predictable runtime behavior

2021-02-28 11:09:44.691  INFO 2536 --- [    Test worker] c.example.heroku.HerokuApplicationTests  : Starting HerokuApplicationTests on vongocbao-PC with PID 2536 (started by vongocbao in C:\Users\vongocbao\gradle-getting-started)
2021-02-28 11:09:44.692  INFO 2536 --- [    Test worker] c.example.heroku.HerokuApplicationTests  : The following profiles are active: production
2021-02-28 11:09:47.138  INFO 2536 --- [    Test worker] o.s.s.concurrent.ThreadPoolTaskExecutor  : Initializing ExecutorService 'applicationTaskExecutor'
2021-02-28 11:09:47.379  INFO 2536 --- [    Test worker] o.s.b.a.w.s.WelcomePageHandlerMapping    : Adding welcome page template: index
2021-02-28 11:09:48.847  INFO 2536 --- [    Test worker] c.example.heroku.HerokuApplicationTests  : Started HerokuApplicationTests in 4.753 seconds (JVM running for 6.599)
]]></system-out>
  <system-err><![CDATA[]]></system-err>
</testsuite>
